<?xml version="1.0" encoding="UTF-8"?>
<!-- Generated by org.testng.reporters.JUnitReportReporter -->
<testsuite hostname="LAPTOP-DO8671LK" failures="0" tests="1" name="com.site.qa.testcases.HomePageTest" time="7.059" errors="0" timestamp="4 Aug 2021 04:55:49 GMT">
  <testcase classname="com.site.qa.testcases.HomePageTest" name="VerifyHomeTitle" time="7.059"/>
</testsuite> <!-- com.site.qa.testcases.HomePageTest -->
