<?xml version="1.0" encoding="UTF-8"?>
<!-- Generated by org.testng.reporters.JUnitReportReporter -->
<testsuite hostname="LAPTOP-DO8671LK" failures="0" tests="2" name="com.site.qa.testcases.AddUserPageTest" time="16.167" errors="0" timestamp="4 Aug 2021 05:03:23 GMT">
  <testcase classname="com.site.qa.testcases.AddUserPageTest" name="LoginPageVerify" time="7.771"/>
  <testcase classname="com.site.qa.testcases.AddUserPageTest" name="AddNewUser" time="8.396"/>
</testsuite> <!-- com.site.qa.testcases.AddUserPageTest -->
